<?xml version="1.0" encoding="UTF-8"?>
<!-- Generated by org.testng.reporters.JUnitReportReporter -->
<testsuite hostname="DESKTOP-JFV541A" failures="0" tests="3" name="tests.PutPatchAndDeleteExamples" time="3.667" errors="0" timestamp="2021-06-21T07:53:23 BST" skipped="2">
  <testcase classname="tests.PutPatchAndDeleteExamples" name="delete_request" time="3.667"/>
  <system-out/>
  <testcase classname="tests.PutPatchAndDeleteExamples" name="patch_request">
    <skipped/>
  </testcase> <!-- patch_request -->
  <system-out/>
  <testcase classname="tests.PutPatchAndDeleteExamples" name="put_request">
    <skipped/>
  </testcase> <!-- put_request -->
  <system-out/>
</testsuite> <!-- tests.PutPatchAndDeleteExamples -->
