<?xml version="1.0" encoding="UTF-8"?>
<!-- Generated by org.testng.reporters.JUnitReportReporter -->
<testsuite hostname="DESKTOP-JFV541A" failures="0" tests="2" name="tests.TestsExamples" time="2.945" errors="0" timestamp="2021-06-20T14:50:06 BST" skipped="0">
  <testcase classname="tests.TestsExamples" name="get_comment_by_postid" time="2.815"/>
  <system-out/>
  <testcase classname="tests.TestsExamples" name="get_post" time="0.130"/>
  <system-out/>
</testsuite> <!-- tests.TestsExamples -->
