<?xml version="1.0" encoding="UTF-8"?>
<!-- Generated by org.testng.reporters.JUnitReportReporter -->
<testsuite hostname="DESKTOP-JFV541A" failures="0" tests="1" name="tests.GetAnDPostExamples" time="3.708" errors="0" timestamp="2021-06-21T21:53:22 BST" skipped="0">
  <testcase classname="tests.GetAnDPostExamples" name="testGet" time="3.708"/>
  <system-out/>
</testsuite> <!-- tests.GetAnDPostExamples -->
